2025-04-30 16:45:49,007 - INFO - Starte Scraping für Suchbegriff: Rohrer
2025-04-30 16:45:49,008 - INFO - ====== WebDriver manager ======
2025-04-30 16:45:49,008 - INFO - Starte Scraping für Suchbegriff: Meier
2025-04-30 16:45:49,009 - INFO - ====== WebDriver manager ======
2025-04-30 16:45:49,009 - INFO - Starte Scraping für Suchbegriff: Senn
2025-04-30 16:45:49,009 - INFO - ====== WebDriver manager ======
2025-04-30 16:45:49,010 - INFO - Starte Scraping für Suchbegriff: Schweizer
2025-04-30 16:45:49,010 - INFO - ====== WebDriver manager ======
2025-04-30 16:45:49,010 - INFO - Starte Scraping für Suchbegriff: Walser
2025-04-30 16:45:49,010 - INFO - ====== WebDriver manager ======
2025-04-30 16:45:49,011 - INFO - Starte Scraping für Suchbegriff: Luder
2025-04-30 16:45:49,011 - INFO - ====== WebDriver manager ======
2025-04-30 16:45:49,011 - INFO - Starte Scraping für Suchbegriff: Torres
2025-04-30 16:45:49,011 - INFO - ====== WebDriver manager ======
2025-04-30 16:45:49,012 - INFO - Starte Scraping für Suchbegriff: Schatzmann
2025-04-30 16:45:49,012 - INFO - ====== WebDriver manager ======
2025-04-30 16:45:49,012 - INFO - Starte Scraping für Suchbegriff: Schmidt
2025-04-30 16:45:49,013 - INFO - ====== WebDriver manager ======
2025-04-30 16:45:49,013 - INFO - Starte Scraping für Suchbegriff: Müller
2025-04-30 16:45:49,014 - INFO - ====== WebDriver manager ======
2025-04-30 16:45:49,017 - INFO - Starte Scraping für Suchbegriff: Schmid
2025-04-30 16:45:49,017 - INFO - ====== WebDriver manager ======
2025-04-30 16:45:49,027 - INFO - Starte Scraping für Suchbegriff: Winter
2025-04-30 16:45:49,027 - INFO - ====== WebDriver manager ======
2025-04-30 16:45:52,881 - INFO - Get LATEST chromedriver version for google-chrome
2025-04-30 16:45:52,902 - INFO - Get LATEST chromedriver version for google-chrome
2025-04-30 16:45:52,907 - INFO - Get LATEST chromedriver version for google-chrome
2025-04-30 16:45:52,919 - INFO - Get LATEST chromedriver version for google-chrome
2025-04-30 16:45:52,920 - INFO - Get LATEST chromedriver version for google-chrome
2025-04-30 16:45:52,934 - INFO - Get LATEST chromedriver version for google-chrome
2025-04-30 16:45:52,947 - INFO - Get LATEST chromedriver version for google-chrome
2025-04-30 16:45:52,953 - INFO - Get LATEST chromedriver version for google-chrome
2025-04-30 16:45:52,955 - INFO - Get LATEST chromedriver version for google-chrome
2025-04-30 16:45:53,019 - INFO - Get LATEST chromedriver version for google-chrome
2025-04-30 16:45:53,019 - INFO - Get LATEST chromedriver version for google-chrome
2025-04-30 16:45:53,019 - INFO - Get LATEST chromedriver version for google-chrome
2025-04-30 16:45:53,019 - INFO - Get LATEST chromedriver version for google-chrome
2025-04-30 16:45:53,019 - INFO - Get LATEST chromedriver version for google-chrome
2025-04-30 16:45:53,022 - INFO - Get LATEST chromedriver version for google-chrome
2025-04-30 16:45:53,025 - INFO - Get LATEST chromedriver version for google-chrome
2025-04-30 16:45:53,030 - INFO - Get LATEST chromedriver version for google-chrome
2025-04-30 16:45:53,035 - INFO - Get LATEST chromedriver version for google-chrome
2025-04-30 16:45:53,036 - INFO - Get LATEST chromedriver version for google-chrome
2025-04-30 16:45:53,048 - INFO - Get LATEST chromedriver version for google-chrome
2025-04-30 16:45:53,052 - INFO - Get LATEST chromedriver version for google-chrome
2025-04-30 16:45:53,151 - INFO - Driver [C:\Users\Sandra\.wdm\drivers\chromedriver\win64\135.0.7049.114\chromedriver-win32/chromedriver.exe] found in cache
2025-04-30 16:45:53,157 - INFO - Driver [C:\Users\Sandra\.wdm\drivers\chromedriver\win64\135.0.7049.114\chromedriver-win32/chromedriver.exe] found in cache
2025-04-30 16:45:53,159 - INFO - Driver [C:\Users\Sandra\.wdm\drivers\chromedriver\win64\135.0.7049.114\chromedriver-win32/chromedriver.exe] found in cache
2025-04-30 16:45:53,160 - INFO - Driver [C:\Users\Sandra\.wdm\drivers\chromedriver\win64\135.0.7049.114\chromedriver-win32/chromedriver.exe] found in cache
2025-04-30 16:45:53,163 - INFO - Driver [C:\Users\Sandra\.wdm\drivers\chromedriver\win64\135.0.7049.114\chromedriver-win32/chromedriver.exe] found in cache
2025-04-30 16:45:53,166 - INFO - Driver [C:\Users\Sandra\.wdm\drivers\chromedriver\win64\135.0.7049.114\chromedriver-win32/chromedriver.exe] found in cache
2025-04-30 16:45:53,167 - INFO - Get LATEST chromedriver version for google-chrome
2025-04-30 16:45:53,169 - INFO - Driver [C:\Users\Sandra\.wdm\drivers\chromedriver\win64\135.0.7049.114\chromedriver-win32/chromedriver.exe] found in cache
2025-04-30 16:45:53,170 - INFO - Get LATEST chromedriver version for google-chrome
2025-04-30 16:45:53,173 - INFO - Get LATEST chromedriver version for google-chrome
2025-04-30 16:45:53,179 - INFO - Driver [C:\Users\Sandra\.wdm\drivers\chromedriver\win64\135.0.7049.114\chromedriver-win32/chromedriver.exe] found in cache
2025-04-30 16:45:53,182 - INFO - Driver [C:\Users\Sandra\.wdm\drivers\chromedriver\win64\135.0.7049.114\chromedriver-win32/chromedriver.exe] found in cache
2025-04-30 16:45:53,253 - INFO - Driver [C:\Users\Sandra\.wdm\drivers\chromedriver\win64\135.0.7049.114\chromedriver-win32/chromedriver.exe] found in cache
2025-04-30 16:45:53,257 - INFO - Driver [C:\Users\Sandra\.wdm\drivers\chromedriver\win64\135.0.7049.114\chromedriver-win32/chromedriver.exe] found in cache
2025-04-30 16:45:53,268 - INFO - Driver [C:\Users\Sandra\.wdm\drivers\chromedriver\win64\135.0.7049.114\chromedriver-win32/chromedriver.exe] found in cache
2025-04-30 16:45:56,377 - INFO - Start Scraping mit Suchbegriff: Winter
2025-04-30 16:45:56,378 - INFO - Öffne URL: https://www.srf.ch/suche?q=Winter
2025-04-30 16:45:56,432 - INFO - Start Scraping mit Suchbegriff: Schmidt
2025-04-30 16:45:56,433 - INFO - Öffne URL: https://www.srf.ch/suche?q=Schmidt
2025-04-30 16:45:56,492 - INFO - Start Scraping mit Suchbegriff: Rohrer
2025-04-30 16:45:56,492 - INFO - Öffne URL: https://www.srf.ch/suche?q=Rohrer
2025-04-30 16:45:56,511 - INFO - Start Scraping mit Suchbegriff: Senn
2025-04-30 16:45:56,511 - INFO - Öffne URL: https://www.srf.ch/suche?q=Senn
2025-04-30 16:45:56,588 - INFO - Start Scraping mit Suchbegriff: Schatzmann
2025-04-30 16:45:56,588 - INFO - Öffne URL: https://www.srf.ch/suche?q=Schatzmann
2025-04-30 16:45:56,910 - INFO - Start Scraping mit Suchbegriff: Torres
2025-04-30 16:45:56,910 - INFO - Öffne URL: https://www.srf.ch/suche?q=Torres
2025-04-30 16:45:56,957 - INFO - Start Scraping mit Suchbegriff: Walser
2025-04-30 16:45:56,958 - INFO - Öffne URL: https://www.srf.ch/suche?q=Walser
2025-04-30 16:45:57,113 - INFO - Start Scraping mit Suchbegriff: Luder
2025-04-30 16:45:57,113 - INFO - Öffne URL: https://www.srf.ch/suche?q=Luder
2025-04-30 16:45:57,208 - INFO - Start Scraping mit Suchbegriff: Meier
2025-04-30 16:45:57,208 - INFO - Öffne URL: https://www.srf.ch/suche?q=Meier
2025-04-30 16:45:57,280 - INFO - Start Scraping mit Suchbegriff: Schweizer
2025-04-30 16:45:57,280 - INFO - Öffne URL: https://www.srf.ch/suche?q=Schweizer
2025-04-30 16:45:57,407 - INFO - Start Scraping mit Suchbegriff: Müller
2025-04-30 16:45:57,407 - INFO - Öffne URL: https://www.srf.ch/suche?q=Müller
2025-04-30 16:45:57,419 - INFO - Start Scraping mit Suchbegriff: Schmid
2025-04-30 16:45:57,419 - INFO - Öffne URL: https://www.srf.ch/suche?q=Schmid
2025-04-30 16:45:59,924 - INFO - Genug Artikel gefunden: 20
2025-04-30 16:45:59,925 - INFO - Verarbeite Artikel 1/1:
2025-04-30 16:45:59,926 - INFO - Besuche Artikel-URL: https://www.srf.ch/sport/mehr-sport/wintersport/news-aus-dem-wintersport-skisprung-coach-velta-nicht-mehr-bei-swiss-ski
2025-04-30 16:46:00,823 - INFO - Artikel gespeichert: Skisprung-Coach Velta nicht mehr bei Swiss-Ski
2025-04-30 16:46:00,909 - INFO - Genug Artikel gefunden: 20
2025-04-30 16:46:00,910 - INFO - Verarbeite Artikel 1/1:
2025-04-30 16:46:00,912 - INFO - Besuche Artikel-URL: https://www.srf.ch/sport/fussball/nationalmannschaft/isaac-schmidt-bloss-notnagel-oder-eine-echte-alternative
2025-04-30 16:46:00,986 - INFO - Genug Artikel gefunden: 20
2025-04-30 16:46:00,994 - INFO - Verarbeite Artikel 1/1:
2025-04-30 16:46:01,025 - INFO - Besuche Artikel-URL: https://www.srf.ch/news/schweiz/auffaelliger-dialekt-walser-in-graubuenden-eine-alte-kultur-wird-fuer-junge-interessant
2025-04-30 16:46:01,069 - INFO - Genug Artikel gefunden: 20
2025-04-30 16:46:01,100 - INFO - Verarbeite Artikel 1/1:
2025-04-30 16:46:01,136 - INFO - Genug Artikel gefunden: 20
2025-04-30 16:46:01,137 - INFO - Besuche Artikel-URL: https://www.srf.ch/sport/eishockey/champions-hockey-league/champions-hockey-league-zsc-dank-rohrer-und-lehtonen-weiter-makellos
2025-04-30 16:46:01,138 - INFO - Genug Artikel gefunden: 20
2025-04-30 16:46:01,242 - INFO - Genug Artikel gefunden: 20
2025-04-30 16:46:01,245 - INFO - Verarbeite Artikel 1/1:
2025-04-30 16:46:01,243 - INFO - Genug Artikel gefunden: 20
2025-04-30 16:46:01,245 - INFO - Verarbeite Artikel 1/1:
2025-04-30 16:46:01,246 - INFO - Besuche Artikel-URL: https://www.srf.ch/sport/eishockey/eishockey-allgemein/schweizer-eishockey-news-nati-kriegt-meister-verstaerkung-alina-mueller-droht-saisonende
2025-04-30 16:46:01,245 - INFO - Besuche Artikel-URL: https://www.srf.ch/news/schweiz/am-rhein-deutsche-und-schweizer-gemeinden-wollen-naeher-zusammenruecken
2025-04-30 16:46:01,245 - INFO - Verarbeite Artikel 1/1:
2025-04-30 16:46:01,247 - INFO - Besuche Artikel-URL: https://www.srf.ch/sport/eishockey/nhl/playoffs-in-der-nhl-hischier-meier-und-siegenthaler-fliegen-mit-new-jersey-raus
2025-04-30 16:46:01,243 - INFO - Verarbeite Artikel 1/1:
2025-04-30 16:46:01,249 - INFO - Besuche Artikel-URL: https://www.srf.ch/radio-srf-3/musik/musik-blog/musik-blog-ach-hitparade-du-altes-luder
2025-04-30 16:46:01,384 - INFO - Genug Artikel gefunden: 20
2025-04-30 16:46:01,384 - INFO - Verarbeite Artikel 1/1:
2025-04-30 16:46:01,385 - INFO - Besuche Artikel-URL: https://www.srf.ch/sport/mehr-sport/rad/rad-wm/zum-tod-von-muriel-furrer-senn-kenne-weder-den-unfallhergang-noch-den-genauen-unfallort
2025-04-30 16:46:01,478 - INFO - Genug Artikel gefunden: 20
2025-04-30 16:46:01,478 - INFO - Verarbeite Artikel 1/1:
2025-04-30 16:46:01,479 - INFO - Besuche Artikel-URL: https://www.srf.ch/sport/mehr-sport/rad/89-fleche-wallonne-im-schlussaufstieg-laesst-pogacar-die-muskeln-spielen-schmid-10
2025-04-30 16:46:01,553 - INFO - Genug Artikel gefunden: 20
2025-04-30 16:46:01,553 - INFO - Verarbeite Artikel 1/1:
2025-04-30 16:46:01,553 - INFO - Besuche Artikel-URL: https://www.srf.ch/sport/fussball/internationale-ligen/internationale-fussball-news-wechsel-von-torres-zu-barcelona-fix-mbabu-fehlt-wolfsburg
2025-04-30 16:46:02,022 - INFO - Artikel gespeichert: Bloss «Notnagel» oder eine echte Alternative?
2025-04-30 16:46:02,164 - INFO - Genug Artikel gefunden: 20
2025-04-30 16:46:02,164 - INFO - Verarbeite Artikel 1/1:
2025-04-30 16:46:02,165 - INFO - Besuche Artikel-URL: https://www.srf.ch/news/wochengast-niklaus-schatzmann-es-gibt-mindestens-vier-verschiedene-wege-zur-matur
2025-04-30 16:46:02,728 - INFO - Artikel gespeichert: ZSC dank Rohrer und Lehtonen weiter makellos
2025-04-30 16:46:03,361 - INFO - Artikel gespeichert: Im Schlussaufstieg lässt Pogacar die Muskeln spielen – Schmid 10.
2025-04-30 16:46:03,390 - INFO - Artikel gespeichert: Wechsel von Torres zu Barcelona fix – Mbabu fehlt Wolfsburg
2025-04-30 16:46:03,521 - INFO - Artikel gespeichert: Ach Hitparade, du altes Luder
2025-04-30 16:46:03,664 - INFO - Artikel gespeichert: «Es gibt mindestens vier verschiedene Wege zur Matur»
2025-04-30 16:46:03,692 - INFO - Artikel gespeichert: Nati kriegt Meister-Verstärkung – Alina Müller droht Saisonende
2025-04-30 16:46:03,759 - INFO - Artikel gespeichert: Senn: «Kenne weder den Unfallhergang noch den genauen Unfallort»
2025-04-30 16:46:03,894 - INFO - Artikel gespeichert: Hischier, Meier und Siegenthaler fliegen mit New Jersey raus
2025-04-30 16:46:04,052 - INFO - Artikel gespeichert: Walser in Graubünden: Eine alte Kultur wird für Junge interessant
2025-04-30 16:46:04,624 - INFO - Artikel gespeichert: Deutsche und Schweizer Gemeinden wollen näher zusammenrücken
2025-04-30 16:46:07,118 - INFO - Scraping für 'Müller' abgeschlossen.
2025-04-30 16:46:07,119 - INFO - Scraping für Müller abgeschlossen: 1 Artikel gefunden
2025-04-30 16:46:07,119 - INFO - Ergebnisse für 'Müller' verarbeitet und hinzugefügt
2025-04-30 16:46:07,133 - INFO - Scraping für 'Schatzmann' abgeschlossen.
2025-04-30 16:46:07,133 - INFO - Scraping für Schatzmann abgeschlossen: 1 Artikel gefunden
2025-04-30 16:46:07,134 - INFO - Ergebnisse für 'Schatzmann' verarbeitet und hinzugefügt
2025-04-30 16:46:07,149 - INFO - Scraping für 'Schmidt' abgeschlossen.
2025-04-30 16:46:07,150 - INFO - Scraping für Schmidt abgeschlossen: 1 Artikel gefunden
2025-04-30 16:46:07,150 - INFO - Scraping für 'Schmid' abgeschlossen.
2025-04-30 16:46:07,150 - INFO - Scraping für Schmid abgeschlossen: 1 Artikel gefunden
2025-04-30 16:46:07,151 - INFO - Scraping für 'Luder' abgeschlossen.
2025-04-30 16:46:07,151 - INFO - Scraping für Luder abgeschlossen: 1 Artikel gefunden
2025-04-30 16:46:07,151 - INFO - Scraping für 'Torres' abgeschlossen.
2025-04-30 16:46:07,151 - INFO - Scraping für Torres abgeschlossen: 1 Artikel gefunden
2025-04-30 16:46:07,152 - INFO - Ergebnisse für 'Schmidt' verarbeitet und hinzugefügt
2025-04-30 16:46:07,152 - INFO - Ergebnisse für 'Schmid' verarbeitet und hinzugefügt
2025-04-30 16:46:07,152 - INFO - Ergebnisse für 'Luder' verarbeitet und hinzugefügt
2025-04-30 16:46:07,152 - INFO - Ergebnisse für 'Torres' verarbeitet und hinzugefügt
2025-04-30 16:46:07,164 - INFO - Scraping für 'Walser' abgeschlossen.
2025-04-30 16:46:07,164 - INFO - Scraping für 'Senn' abgeschlossen.
2025-04-30 16:46:07,165 - INFO - Scraping für Walser abgeschlossen: 1 Artikel gefunden
2025-04-30 16:46:07,165 - INFO - Scraping für Senn abgeschlossen: 1 Artikel gefunden
2025-04-30 16:46:07,166 - INFO - Ergebnisse für 'Walser' verarbeitet und hinzugefügt
2025-04-30 16:46:07,166 - INFO - Ergebnisse für 'Senn' verarbeitet und hinzugefügt
2025-04-30 16:46:07,179 - INFO - Scraping für 'Schweizer' abgeschlossen.
2025-04-30 16:46:07,180 - INFO - Scraping für Schweizer abgeschlossen: 1 Artikel gefunden
2025-04-30 16:46:07,180 - INFO - Ergebnisse für 'Schweizer' verarbeitet und hinzugefügt
2025-04-30 16:46:07,180 - INFO - Scraping für 'Rohrer' abgeschlossen.
2025-04-30 16:46:07,181 - INFO - Scraping für Rohrer abgeschlossen: 1 Artikel gefunden
2025-04-30 16:46:07,181 - INFO - Ergebnisse für 'Rohrer' verarbeitet und hinzugefügt
2025-04-30 16:46:07,210 - INFO - Scraping für 'Meier' abgeschlossen.
2025-04-30 16:46:07,211 - INFO - Scraping für Meier abgeschlossen: 1 Artikel gefunden
2025-04-30 16:46:07,211 - INFO - Ergebnisse für 'Meier' verarbeitet und hinzugefügt
2025-04-30 16:46:07,211 - INFO - Scraping für 'Winter' abgeschlossen.
2025-04-30 16:46:07,212 - INFO - Scraping für Winter abgeschlossen: 1 Artikel gefunden
2025-04-30 16:46:07,212 - INFO - Ergebnisse für 'Winter' verarbeitet und hinzugefügt
2025-04-30 16:46:07,228 - INFO - Insgesamt 12 Artikel in CSV gespeichert
